<?xml version="1.0" encoding="UTF-8"?>
<!-- Generated by org.testng.reporters.JUnitReportReporter -->
<testsuite hostname="DESKTOP-HTJJPCU" failures="0" tests="1" name="com.testpages.Test_TC_018$Test_TC_017" time="3.015" errors="0" timestamp="12 Aug 2024 09:05:21 GMT" skipped="0">
  <testcase classname="com.testpages.Test_TC_018$Test_TC_017" name="test018" time="3.015"/>
</testsuite> <!-- com.testpages.Test_TC_018$Test_TC_017 -->
