<?xml version="1.0" encoding="UTF-8"?>
<!-- Generated by org.testng.reporters.JUnitReportReporter -->
<testsuite hostname="DESKTOP-HTJJPCU" failures="0" tests="1" name="com.testpages.Test_TC_008" time="1.952" errors="0" timestamp="11 Aug 2024 14:36:47 GMT" skipped="0">
  <testcase classname="com.testpages.Test_TC_008" name="test08" time="1.952"/>
</testsuite> <!-- com.testpages.Test_TC_008 -->
