<?xml version="1.0" encoding="UTF-8"?>
<!-- Generated by org.testng.reporters.JUnitReportReporter -->
<testsuite hostname="DESKTOP-HTJJPCU" failures="0" tests="2" name="com.testpages.Test_TC_012" time="2.479" errors="0" timestamp="11 Aug 2024 19:18:22 GMT" skipped="0">
  <testcase classname="com.testpages.Test_TC_012" name="test012" time="2.327"/>
  <testcase classname="com.testpages.Test_TC_012" name="test013" time="0.152"/>
</testsuite> <!-- com.testpages.Test_TC_012 -->
