<?xml version="1.0" encoding="UTF-8"?>
<!-- Generated by org.testng.reporters.JUnitReportReporter -->
<testsuite hostname="DESKTOP-HTJJPCU" failures="0" tests="1" name="com.testpages.Test_TC_022" time="6.739" errors="0" timestamp="18 Aug 2024 08:30:27 GMT" skipped="0">
  <testcase classname="com.testpages.Test_TC_022" name="test022" time="6.739"/>
</testsuite> <!-- com.testpages.Test_TC_022 -->
