<?xml version="1.0" encoding="UTF-8"?>
<!-- Generated by org.testng.reporters.JUnitReportReporter -->
<testsuite hostname="DESKTOP-HTJJPCU" failures="0" tests="1" name="com.testpages.TestHomePage" time="0.686" errors="0" timestamp="11 Aug 2024 10:01:46 GMT" skipped="0">
  <testcase classname="com.testpages.TestHomePage" name="test01" time="0.686"/>
</testsuite> <!-- com.testpages.TestHomePage -->
