<?xml version="1.0" encoding="UTF-8"?>
<!-- Generated by org.testng.reporters.JUnitReportReporter -->
<testsuite hostname="DESKTOP-HTJJPCU" failures="0" tests="1" name="com.testpages.Test_TC_004" time="1.163" errors="0" timestamp="11 Aug 2024 15:50:45 GMT" skipped="0">
  <testcase classname="com.testpages.Test_TC_004" name="test04" time="1.163"/>
</testsuite> <!-- com.testpages.Test_TC_004 -->
