<?xml version="1.0" encoding="UTF-8"?>
<!-- Generated by org.testng.reporters.JUnitReportReporter -->
<testsuite hostname="DESKTOP-HTJJPCU" failures="0" tests="1" name="com.testpages.Test_TC_016" time="2.716" errors="0" timestamp="12 Aug 2024 07:17:21 GMT" skipped="0">
  <testcase classname="com.testpages.Test_TC_016" name="test016" time="2.716"/>
</testsuite> <!-- com.testpages.Test_TC_016 -->
