<?xml version="1.0" encoding="UTF-8"?>
<!-- Generated by org.testng.reporters.JUnitReportReporter -->
<testsuite hostname="DESKTOP-HTJJPCU" failures="0" tests="1" name="com.testpages.Test_TC_003" time="8.277" errors="0" timestamp="11 Aug 2024 11:09:24 GMT" skipped="0">
  <testcase classname="com.testpages.Test_TC_003" name="test03" time="8.277"/>
</testsuite> <!-- com.testpages.Test_TC_003 -->
