<?xml version="1.0" encoding="UTF-8"?>
<!-- Generated by org.testng.reporters.JUnitReportReporter -->
<testsuite hostname="DESKTOP-HTJJPCU" failures="0" tests="1" name="com.testpages.Test_TC_011" time="3.438" errors="0" timestamp="11 Aug 2024 18:52:52 GMT" skipped="0">
  <testcase classname="com.testpages.Test_TC_011" name="test011" time="3.438"/>
</testsuite> <!-- com.testpages.Test_TC_011 -->
