<?xml version="1.0" encoding="UTF-8"?>
<!-- Generated by org.testng.reporters.JUnitReportReporter -->
<testsuite hostname="DESKTOP-HTJJPCU" failures="0" tests="1" name="com.testpages.Test_TC_009" time="4.111" errors="0" timestamp="11 Aug 2024 17:59:12 GMT" skipped="0">
  <testcase classname="com.testpages.Test_TC_009" name="test09" time="4.111"/>
</testsuite> <!-- com.testpages.Test_TC_009 -->
