<?xml version="1.0" encoding="UTF-8"?>
<!-- Generated by org.testng.reporters.JUnitReportReporter -->
<testsuite hostname="DESKTOP-HTJJPCU" failures="0" tests="1" name="com.testpages.Test_TC_029" time="11.844" errors="0" timestamp="18 Aug 2024 12:58:41 GMT" skipped="0">
  <testcase classname="com.testpages.Test_TC_029" name="test029" time="11.844"/>
</testsuite> <!-- com.testpages.Test_TC_029 -->
