<?xml version="1.0" encoding="UTF-8"?>
<!-- Generated by org.testng.reporters.JUnitReportReporter -->
<testsuite hostname="DESKTOP-HTJJPCU" failures="0" tests="1" name="com.testpages.Test_TC_017" time="3.001" errors="0" timestamp="12 Aug 2024 08:33:10 GMT" skipped="0">
  <testcase classname="com.testpages.Test_TC_017" name="test017" time="3.001"/>
</testsuite> <!-- com.testpages.Test_TC_017 -->
